0 verbose cli /usr/local/bin/node /usr/local/bin/npm
1 info using npm@11.6.2
2 info using node@v24.11.1
3 silly config load:file:/usr/local/lib/node_modules/npm/npmrc
4 silly config load:file:/home/node/.npmrc
5 silly config load:file:/home/node/.npm-global/etc/npmrc
6 verbose title npm start
7 verbose argv "start"
8 verbose logfile logs-max:10 dir:/home/node/.npm/_logs/2025-12-12T03_52_55_042Z-
9 verbose logfile /home/node/.npm/_logs/2025-12-12T03_52_55_042Z-debug-0.log
10 silly logfile done cleaning log files
11 http fetch GET 200 https://registry.npmjs.org/npm 301ms
12 verbose stack Error: command failed
12 verbose stack     at promiseSpawn (/usr/local/lib/node_modules/npm/node_modules/@npmcli/promise-spawn/lib/index.js:22:22)
12 verbose stack     at spawnWithShell (/usr/local/lib/node_modules/npm/node_modules/@npmcli/promise-spawn/lib/index.js:124:10)
12 verbose stack     at promiseSpawn (/usr/local/lib/node_modules/npm/node_modules/@npmcli/promise-spawn/lib/index.js:12:12)
12 verbose stack     at runScriptPkg (/usr/local/lib/node_modules/npm/node_modules/@npmcli/run-script/lib/run-script-pkg.js:79:13)
12 verbose stack     at runScript (/usr/local/lib/node_modules/npm/node_modules/@npmcli/run-script/lib/run-script.js:9:12)
12 verbose stack     at #run (/usr/local/lib/node_modules/npm/lib/commands/run.js:135:13)
12 verbose stack     at async RunScript.exec (/usr/local/lib/node_modules/npm/lib/commands/run.js:44:7)
12 verbose stack     at async Npm.exec (/usr/local/lib/node_modules/npm/lib/npm.js:208:9)
12 verbose stack     at async module.exports (/usr/local/lib/node_modules/npm/lib/cli/entry.js:67:5)
13 error path /home/node
14 error command failed
15 error signal SIGTERM
16 error command sh -c node --enable-source-maps ./build/index.js
17 verbose cwd /home/node
18 verbose os Linux 5.15.0-161-generic
19 verbose node v24.11.1
20 verbose npm  v11.6.2
21 notice
21 notice New [33mminor[39m version of npm available! [33m11.6.2[39m -> [34m11.7.0[39m
21 notice Changelog: [34mhttps://github.com/npm/cli/releases/tag/v11.7.0[39m
21 notice To update run: [4mnpm install -g npm@11.7.0[24m
21 notice  { force: true, Symbol(proc-log.meta): true }
22 verbose exit 1
23 verbose code 1
24 error A complete log of this run can be found in: /home/node/.npm/_logs/2025-12-12T03_52_55_042Z-debug-0.log
